<testsuite name="convert-markdown.Test converting markdown" tests="35" errors="0" failures="0" skipped="0" time="36.107332" timestamp="2024-12-02T16:43:09.484203" hostname="a396d9674dca"><testcase classname="convert-markdown.Test converting markdown" name="Converting markdown to HTML and PDF -- @1.1 Input files" status="passed" time="0.757779"><system-out>
<![CDATA[
@scenario.begin
  Scenario Outline: Converting markdown to HTML and PDF -- @1.1 Input files
    When converting the 000_empty_file__i.md to html ... passed in 0.021s
    Then the html output is equal to 000_empty_file__o.html ... passed in 0.001s
    When converting the 000_empty_file__i.md to PDF ... passed in 0.655s
    Then the PDF output is equal to 000_empty_file__o.pdf ... passed in 0.081s

@scenario.end
--------------------------------------------------------------------------------
]]>
</system-out></testcase><testcase classname="convert-markdown.Test converting markdown" name="Converting markdown to HTML and PDF -- @1.2 Input files" status="passed" time="0.697249"><system-out>
<![CDATA[
@scenario.begin
  Scenario Outline: Converting markdown to HTML and PDF -- @1.2 Input files
    When converting the 001_line_of_text__i.md to html ... passed in 0.018s
    Then the html output is equal to 001_line_of_text__o.html ... passed in 0.002s
    When converting the 001_line_of_text__i.md to PDF ... passed in 0.608s
    Then the PDF output is equal to 001_line_of_text__o.pdf ... passed in 0.070s

@scenario.end
--------------------------------------------------------------------------------
]]>
</system-out></testcase><testcase classname="convert-markdown.Test converting markdown" name="Converting markdown to HTML and PDF -- @1.3 Input files" status="passed" time="0.813089"><system-out>
<![CDATA[
@scenario.begin
  Scenario Outline: Converting markdown to HTML and PDF -- @1.3 Input files
    When converting the 002_nested_headings__i.md to html ... passed in 0.020s
    Then the html output is equal to 002_nested_headings__o.html ... passed in 0.001s
    When converting the 002_nested_headings__i.md to PDF ... passed in 0.660s
    Then the PDF output is equal to 002_nested_headings__o.pdf ... passed in 0.132s

@scenario.end
--------------------------------------------------------------------------------
]]>
</system-out></testcase><testcase classname="convert-markdown.Test converting markdown" name="Converting markdown to HTML and PDF -- @1.4 Input files" status="passed" time="0.715571"><system-out>
<![CDATA[
@scenario.begin
  Scenario Outline: Converting markdown to HTML and PDF -- @1.4 Input files
    When converting the 003_title_author__i.md to html ... passed in 0.019s
    Then the html output is equal to 003_title_author__o.html ... passed in 0.001s
    When converting the 003_title_author__i.md to PDF ... passed in 0.624s
    Then the PDF output is equal to 003_title_author__o.pdf ... passed in 0.071s

@scenario.end
--------------------------------------------------------------------------------
]]>
</system-out></testcase><testcase classname="convert-markdown.Test converting markdown" name="Converting markdown to HTML and PDF -- @1.5 Input files" status="passed" time="0.919768"><system-out>
<![CDATA[
@scenario.begin
  Scenario Outline: Converting markdown to HTML and PDF -- @1.5 Input files
    When converting the 004_simple_list__i.md to html ... passed in 0.025s
    Then the html output is equal to 004_simple_list__o.html ... passed in 0.002s
    When converting the 004_simple_list__i.md to PDF ... passed in 0.788s
    Then the PDF output is equal to 004_simple_list__o.pdf ... passed in 0.104s

@scenario.end
--------------------------------------------------------------------------------
]]>
</system-out></testcase><testcase classname="convert-markdown.Test converting markdown" name="Converting markdown to HTML and PDF -- @1.6 Input files" status="passed" time="0.82012"><system-out>
<![CDATA[
@scenario.begin
  Scenario Outline: Converting markdown to HTML and PDF -- @1.6 Input files
    When converting the 005_nested_list__i.md to html ... passed in 0.025s
    Then the html output is equal to 005_nested_list__o.html ... passed in 0.002s
    When converting the 005_nested_list__i.md to PDF ... passed in 0.726s
    Then the PDF output is equal to 005_nested_list__o.pdf ... passed in 0.067s

@scenario.end
--------------------------------------------------------------------------------
]]>
</system-out></testcase><testcase classname="convert-markdown.Test converting markdown" name="Converting markdown to HTML and PDF -- @1.7 Input files" status="passed" time="0.766682"><system-out>
<![CDATA[
@scenario.begin
  Scenario Outline: Converting markdown to HTML and PDF -- @1.7 Input files
    When converting the 006_simple_enumeration__i.md to html ... passed in 0.021s
    Then the html output is equal to 006_simple_enumeration__o.html ... passed in 0.001s
    When converting the 006_simple_enumeration__i.md to PDF ... passed in 0.674s
    Then the PDF output is equal to 006_simple_enumeration__o.pdf ... passed in 0.071s

@scenario.end
--------------------------------------------------------------------------------
]]>
</system-out></testcase><testcase classname="convert-markdown.Test converting markdown" name="Converting markdown to HTML and PDF -- @1.8 Input files" status="passed" time="0.669327"><system-out>
<![CDATA[
@scenario.begin
  Scenario Outline: Converting markdown to HTML and PDF -- @1.8 Input files
    When converting the 007_nested_enumeration__i.md to html ... passed in 0.021s
    Then the html output is equal to 007_nested_enumeration__o.html ... passed in 0.001s
    When converting the 007_nested_enumeration__i.md to PDF ... passed in 0.574s
    Then the PDF output is equal to 007_nested_enumeration__o.pdf ... passed in 0.073s

@scenario.end
--------------------------------------------------------------------------------
]]>
</system-out></testcase><testcase classname="convert-markdown.Test converting markdown" name="Converting markdown to HTML and PDF -- @1.9 Input files" status="passed" time="0.824272"><system-out>
<![CDATA[
@scenario.begin
  Scenario Outline: Converting markdown to HTML and PDF -- @1.9 Input files
    When converting the 008_nested_mixed_lists__i.md to html ... passed in 0.020s
    Then the html output is equal to 008_nested_mixed_lists__o.html ... passed in 0.001s
    When converting the 008_nested_mixed_lists__i.md to PDF ... passed in 0.714s
    Then the PDF output is equal to 008_nested_mixed_lists__o.pdf ... passed in 0.089s

@scenario.end
--------------------------------------------------------------------------------
]]>
</system-out></testcase><testcase classname="convert-markdown.Test converting markdown" name="Converting markdown to HTML and PDF -- @1.10 Input files" status="passed" time="0.791133"><system-out>
<![CDATA[
@scenario.begin
  Scenario Outline: Converting markdown to HTML and PDF -- @1.10 Input files
    When converting the 009_paragraphs__i.md to html ... passed in 0.027s
    Then the html output is equal to 009_paragraphs__o.html ... passed in 0.002s
    When converting the 009_paragraphs__i.md to PDF ... passed in 0.689s
    Then the PDF output is equal to 009_paragraphs__o.pdf ... passed in 0.073s

@scenario.end
--------------------------------------------------------------------------------
]]>
</system-out></testcase><testcase classname="convert-markdown.Test converting markdown" name="Converting markdown to HTML and PDF -- @1.11 Input files" status="passed" time="0.744156"><system-out>
<![CDATA[
@scenario.begin
  Scenario Outline: Converting markdown to HTML and PDF -- @1.11 Input files
    When converting the 010_blockquotes__i.md to html ... passed in 0.019s
    Then the html output is equal to 010_blockquotes__o.html ... passed in 0.001s
    When converting the 010_blockquotes__i.md to PDF ... passed in 0.645s
    Then the PDF output is equal to 010_blockquotes__o.pdf ... passed in 0.079s

@scenario.end
--------------------------------------------------------------------------------
]]>
</system-out></testcase><testcase classname="convert-markdown.Test converting markdown" name="Converting markdown to HTML and PDF -- @1.12 Input files" status="passed" time="0.769593"><system-out>
<![CDATA[
@scenario.begin
  Scenario Outline: Converting markdown to HTML and PDF -- @1.12 Input files
    When converting the 011_inline_styles__i.md to html ... passed in 0.019s
    Then the html output is equal to 011_inline_styles__o.html ... passed in 0.001s
    When converting the 011_inline_styles__i.md to PDF ... passed in 0.678s
    Then the PDF output is equal to 011_inline_styles__o.pdf ... passed in 0.071s

@scenario.end
--------------------------------------------------------------------------------
]]>
</system-out></testcase><testcase classname="convert-markdown.Test converting markdown" name="Converting markdown to HTML and PDF -- @1.13 Input files" status="passed" time="0.78616"><system-out>
<![CDATA[
@scenario.begin
  Scenario Outline: Converting markdown to HTML and PDF -- @1.13 Input files
    When converting the 012_inline_code__i.md to html ... passed in 0.022s
    Then the html output is equal to 012_inline_code__o.html ... passed in 0.002s
    When converting the 012_inline_code__i.md to PDF ... passed in 0.694s
    Then the PDF output is equal to 012_inline_code__o.pdf ... passed in 0.069s

@scenario.end
--------------------------------------------------------------------------------
]]>
</system-out></testcase><testcase classname="convert-markdown.Test converting markdown" name="Converting markdown to HTML and PDF -- @1.14 Input files" status="passed" time="0.749219"><system-out>
<![CDATA[
@scenario.begin
  Scenario Outline: Converting markdown to HTML and PDF -- @1.14 Input files
    When converting the 013_code_section__i.md to html ... passed in 0.030s
    Then the html output is equal to 013_code_section__o.html ... passed in 0.001s
    When converting the 013_code_section__i.md to PDF ... passed in 0.638s
    Then the PDF output is equal to 013_code_section__o.pdf ... passed in 0.079s

@scenario.end
--------------------------------------------------------------------------------
]]>
</system-out></testcase><testcase classname="convert-markdown.Test converting markdown" name="Converting markdown to HTML and PDF -- @1.15 Input files" status="passed" time="0.741415"><system-out>
<![CDATA[
@scenario.begin
  Scenario Outline: Converting markdown to HTML and PDF -- @1.15 Input files
    When converting the 014_definition_list__i.md to html ... passed in 0.020s
    Then the html output is equal to 014_definition_list__o.html ... passed in 0.001s
    When converting the 014_definition_list__i.md to PDF ... passed in 0.647s
    Then the PDF output is equal to 014_definition_list__o.pdf ... passed in 0.073s

@scenario.end
--------------------------------------------------------------------------------
]]>
</system-out></testcase><testcase classname="convert-markdown.Test converting markdown" name="Converting markdown to HTML and PDF -- @1.16 Input files" status="passed" time="0.816547"><system-out>
<![CDATA[
@scenario.begin
  Scenario Outline: Converting markdown to HTML and PDF -- @1.16 Input files
    When converting the 015_inline_link__i.md to html ... passed in 0.024s
    Then the html output is equal to 015_inline_link__o.html ... passed in 0.002s
    When converting the 015_inline_link__i.md to PDF ... passed in 0.711s
    Then the PDF output is equal to 015_inline_link__o.pdf ... passed in 0.080s

@scenario.end
--------------------------------------------------------------------------------
]]>
</system-out></testcase><testcase classname="convert-markdown.Test converting markdown" name="Converting markdown to HTML and PDF -- @1.17 Input files" status="passed" time="1.178658"><system-out>
<![CDATA[
@scenario.begin
  Scenario Outline: Converting markdown to HTML and PDF -- @1.17 Input files
    When converting the 016_table_of_contents__i.md to html ... passed in 0.024s
    Then the html output is equal to 016_table_of_contents__o.html ... passed in 0.002s
    When converting the 016_table_of_contents__i.md to PDF ... passed in 0.943s
    Then the PDF output is equal to 016_table_of_contents__o.pdf ... passed in 0.210s

@scenario.end
--------------------------------------------------------------------------------
]]>
</system-out></testcase><testcase classname="convert-markdown.Test converting markdown" name="Converting markdown to HTML and PDF -- @1.18 Input files" status="passed" time="0.852681"><system-out>
<![CDATA[
@scenario.begin
  Scenario Outline: Converting markdown to HTML and PDF -- @1.18 Input files
    When converting the 017_inline_quotes__i.md to html ... passed in 0.024s
    Then the html output is equal to 017_inline_quotes__o.html ... passed in 0.002s
    When converting the 017_inline_quotes__i.md to PDF ... passed in 0.744s
    Then the PDF output is equal to 017_inline_quotes__o.pdf ... passed in 0.083s

@scenario.end
--------------------------------------------------------------------------------
]]>
</system-out></testcase><testcase classname="convert-markdown.Test converting markdown" name="Converting markdown to HTML and PDF -- @1.19 Input files" status="passed" time="0.935007"><system-out>
<![CDATA[
@scenario.begin
  Scenario Outline: Converting markdown to HTML and PDF -- @1.19 Input files
    When converting the 018_checklists__i.md to html ... passed in 0.023s
    Then the html output is equal to 018_checklists__o.html ... passed in 0.002s
    When converting the 018_checklists__i.md to PDF ... passed in 0.833s
    Then the PDF output is equal to 018_checklists__o.pdf ... passed in 0.077s

@scenario.end
--------------------------------------------------------------------------------
]]>
</system-out></testcase><testcase classname="convert-markdown.Test converting markdown" name="Converting markdown to HTML and PDF -- @1.20 Input files" status="passed" time="0.763506"><system-out>
<![CDATA[
@scenario.begin
  Scenario Outline: Converting markdown to HTML and PDF -- @1.20 Input files
    When converting the 019_comments__i.md to html ... passed in 0.023s
    Then the html output is equal to 019_comments__o.html ... passed in 0.002s
    When converting the 019_comments__i.md to PDF ... passed in 0.665s
    Then the PDF output is equal to 019_comments__o.pdf ... passed in 0.074s

@scenario.end
--------------------------------------------------------------------------------
]]>
</system-out></testcase><testcase classname="convert-markdown.Test converting markdown" name="Converting markdown to HTML and PDF -- @1.21 Input files" status="passed" time="1.059459"><system-out>
<![CDATA[
@scenario.begin
  Scenario Outline: Converting markdown to HTML and PDF -- @1.21 Input files
    When converting the 020_note__i.md to html ... passed in 0.027s
    Then the html output is equal to 020_note__o.html ... passed in 0.002s
    When converting the 020_note__i.md to PDF ... passed in 0.865s
    Then the PDF output is equal to 020_note__o.pdf ... passed in 0.166s

@scenario.end
--------------------------------------------------------------------------------
]]>
</system-out></testcase><testcase classname="convert-markdown.Test converting markdown" name="Converting markdown to HTML and PDF -- @1.22 Input files" status="passed" time="1.154922"><system-out>
<![CDATA[
@scenario.begin
  Scenario Outline: Converting markdown to HTML and PDF -- @1.22 Input files
    When converting the 021_symbols__i.md to html ... passed in 0.022s
    Then the html output is equal to 021_symbols__o.html ... passed in 0.002s
    When converting the 021_symbols__i.md to PDF ... passed in 0.969s
    Then the PDF output is equal to 021_symbols__o.pdf ... passed in 0.162s

@scenario.end
--------------------------------------------------------------------------------
]]>
</system-out></testcase><testcase classname="convert-markdown.Test converting markdown" name="Converting markdown to HTML and PDF -- @1.23 Input files" status="passed" time="1.201154"><system-out>
<![CDATA[
@scenario.begin
  Scenario Outline: Converting markdown to HTML and PDF -- @1.23 Input files
    When converting the 022_highlighting__i.md to html ... passed in 0.045s
    Then the html output is equal to 022_highlighting__o.html ... passed in 0.002s
    When converting the 022_highlighting__i.md to PDF ... passed in 1.063s
    Then the PDF output is equal to 022_highlighting__o.pdf ... passed in 0.092s

@scenario.end
--------------------------------------------------------------------------------
]]>
</system-out></testcase><testcase classname="convert-markdown.Test converting markdown" name="Converting markdown to HTML and PDF -- @1.24 Input files" status="passed" time="0.881397"><system-out>
<![CDATA[
@scenario.begin
  Scenario Outline: Converting markdown to HTML and PDF -- @1.24 Input files
    When converting the 023_parts__i.md to html ... passed in 0.026s
    Then the html output is equal to 023_parts__o.html ... passed in 0.002s
    When converting the 023_parts__i.md to PDF ... passed in 0.731s
    Then the PDF output is equal to 023_parts__o.pdf ... passed in 0.122s

@scenario.end
--------------------------------------------------------------------------------
]]>
</system-out></testcase><testcase classname="convert-markdown.Test converting markdown" name="Converting markdown to HTML and PDF -- @1.25 Input files" status="passed" time="0.77085"><system-out>
<![CDATA[
@scenario.begin
  Scenario Outline: Converting markdown to HTML and PDF -- @1.25 Input files
    When converting the 024_preface__i.md to html ... passed in 0.020s
    Then the html output is equal to 024_preface__o.html ... passed in 0.001s
    When converting the 024_preface__i.md to PDF ... passed in 0.631s
    Then the PDF output is equal to 024_preface__o.pdf ... passed in 0.119s

@scenario.end
--------------------------------------------------------------------------------
]]>
</system-out></testcase><testcase classname="convert-markdown.Test converting markdown" name="Converting markdown to HTML and PDF -- @1.26 Input files" status="passed" time="0.782226"><system-out>
<![CDATA[
@scenario.begin
  Scenario Outline: Converting markdown to HTML and PDF -- @1.26 Input files
    When converting the 025_frontmatter__i.md to html ... passed in 0.021s
    Then the html output is equal to 025_frontmatter__o.html ... passed in 0.002s
    When converting the 025_frontmatter__i.md to PDF ... passed in 0.646s
    Then the PDF output is equal to 025_frontmatter__o.pdf ... passed in 0.114s

@scenario.end
--------------------------------------------------------------------------------
]]>
</system-out></testcase><testcase classname="convert-markdown.Test converting markdown" name="Converting markdown to HTML and PDF -- @1.27 Input files" status="passed" time="0.799453"><system-out>
<![CDATA[
@scenario.begin
  Scenario Outline: Converting markdown to HTML and PDF -- @1.27 Input files
    When converting the 026_backmatter__i.md to html ... passed in 0.019s
    Then the html output is equal to 026_backmatter__o.html ... passed in 0.002s
    When converting the 026_backmatter__i.md to PDF ... passed in 0.649s
    Then the PDF output is equal to 026_backmatter__o.pdf ... passed in 0.129s

@scenario.end
--------------------------------------------------------------------------------
]]>
</system-out></testcase><testcase classname="convert-markdown.Test converting markdown" name="Converting markdown to HTML and PDF -- @1.28 Input files" status="passed" time="0.791617"><system-out>
<![CDATA[
@scenario.begin
  Scenario Outline: Converting markdown to HTML and PDF -- @1.28 Input files
    When converting the 027_bibliography__i.md to html ... passed in 0.021s
    Then the html output is equal to 027_bibliography__o.html ... passed in 0.001s
    When converting the 027_bibliography__i.md to PDF ... passed in 0.644s
    Then the PDF output is equal to 027_bibliography__o.pdf ... passed in 0.126s

@scenario.end
--------------------------------------------------------------------------------
]]>
</system-out></testcase><testcase classname="convert-markdown.Test converting markdown" name="Converting markdown to HTML and PDF -- @1.29 Input files" status="passed" time="1.202197"><system-out>
<![CDATA[
@scenario.begin
  Scenario Outline: Converting markdown to HTML and PDF -- @1.29 Input files
    When converting the 028_full_structure__i.md to html ... passed in 0.027s
    Then the html output is equal to 028_full_structure__o.html ... passed in 0.002s
    When converting the 028_full_structure__i.md to PDF ... passed in 0.938s
    Then the PDF output is equal to 028_full_structure__o.pdf ... passed in 0.235s

@scenario.end
--------------------------------------------------------------------------------
]]>
</system-out></testcase><testcase classname="convert-markdown.Test converting markdown" name="Converting markdown to HTML and PDF -- @1.30 Input files" status="passed" time="0.861515"><system-out>
<![CDATA[
@scenario.begin
  Scenario Outline: Converting markdown to HTML and PDF -- @1.30 Input files
    When converting the 029_glossary__i.md to html ... passed in 0.030s
    Then the html output is equal to 029_glossary__o.html ... passed in 0.002s
    When converting the 029_glossary__i.md to PDF ... passed in 0.712s
    Then the PDF output is equal to 029_glossary__o.pdf ... passed in 0.117s

@scenario.end
--------------------------------------------------------------------------------
]]>
</system-out></testcase><testcase classname="convert-markdown.Test converting markdown" name="Converting markdown to HTML and PDF -- @1.31 Input files" status="passed" time="0.732913"><system-out>
<![CDATA[
@scenario.begin
  Scenario Outline: Converting markdown to HTML and PDF -- @1.31 Input files
    When converting the 030_sidebar__i.md to html ... passed in 0.019s
    Then the html output is equal to 030_sidebar__o.html ... passed in 0.001s
    When converting the 030_sidebar__i.md to PDF ... passed in 0.629s
    Then the PDF output is equal to 030_sidebar__o.pdf ... passed in 0.083s

@scenario.end
--------------------------------------------------------------------------------
]]>
</system-out></testcase><testcase classname="convert-markdown.Test converting markdown" name="Converting markdown to HTML and PDF -- @1.32 Input files" status="passed" time="0.903138"><system-out>
<![CDATA[
@scenario.begin
  Scenario Outline: Converting markdown to HTML and PDF -- @1.32 Input files
    When converting the 031_inline_tags__i.md to html ... passed in 0.025s
    Then the html output is equal to 031_inline_tags__o.html ... passed in 0.002s
    When converting the 031_inline_tags__i.md to PDF ... passed in 0.793s
    Then the PDF output is equal to 031_inline_tags__o.pdf ... passed in 0.083s

@scenario.end
--------------------------------------------------------------------------------
]]>
</system-out></testcase><testcase classname="convert-markdown.Test converting markdown" name="Converting markdown to HTML and PDF -- @1.33 Input files" status="passed" time="1.60721"><system-out>
<![CDATA[
@scenario.begin
  Scenario Outline: Converting markdown to HTML and PDF -- @1.33 Input files
    When converting the 990_example_text__i.md to html ... passed in 0.033s
    Then the html output is equal to 990_example_text__o.html ... passed in 0.002s
    When converting the 990_example_text__i.md to PDF ... passed in 1.199s
    Then the PDF output is equal to 990_example_text__o.pdf ... passed in 0.373s

@scenario.end
--------------------------------------------------------------------------------
]]>
</system-out></testcase><testcase classname="convert-markdown.Test converting markdown" name="Converting markdown to HTML and PDF -- @1.34 Input files" status="passed" time="1.814167"><system-out>
<![CDATA[
@scenario.begin
  Scenario Outline: Converting markdown to HTML and PDF -- @1.34 Input files
    When converting the 999_showcase__i.md to html ... passed in 0.049s
    Then the html output is equal to 999_showcase__o.html ... passed in 0.002s
    When converting the 999_showcase__i.md to PDF ... passed in 1.251s
    Then the PDF output is equal to 999_showcase__o.pdf ... passed in 0.512s

@scenario.end
--------------------------------------------------------------------------------
]]>
</system-out></testcase><testcase classname="convert-markdown.Test converting markdown" name="Converting markdown to PDF -- @1.1 Input files" status="passed" time="5.433184"><system-out>
<![CDATA[
@scenario.begin
  Scenario Outline: Converting markdown to PDF -- @1.1 Input files
    When converting the 032_diagrams__i.md to PDF ... passed in 5.265s
    Then the PDF output is equal to 032_diagrams__o.pdf ... passed in 0.169s

@scenario.end
--------------------------------------------------------------------------------
]]>
</system-out></testcase></testsuite>